file /home/fmlheureux/platform-deps/mongo-cxx-driver-v2.2/SConstruct,line 76:
	Configure(confdir = .sconf_temp)
scons: Configure: Checking for C++ library boost_thread-mt... 
scons: Configure: ".sconf_temp/conftest_0.cpp" is up to date.
scons: Configure: The original builder output was:
  |.sconf_temp/conftest_0.cpp <-
  |  |
  |  |
  |  |
  |  |int
  |  |main() {
  |  |  
  |  |return 0;
  |  |}
  |  |
  |
g++ -o .sconf_temp/conftest_0.o -c -O3 -pthread -L/home/fmlheureux/local/lib:/home/fmlheureux/local/lib:/home/fmlheureux/local/lib:/home/fmlheureux/local/lib:/home/fmlheureux/local/lib:/home/fmlheureux/local/lib: -I/home/fmlheureux/local/include/ -D_SCONS -DMONGO_EXPOSE_MACROS -Ibuild -Ibuild/mongo .sconf_temp/conftest_0.cpp
scons: Configure: Building ".sconf_temp/conftest_0" failed in a previous run and all its sources are up to date.
scons: Configure: The original builder output was:
  |g++ -o .sconf_temp/conftest_0 -Wl,--as-needed -Wl,-zdefs -pthread .sconf_temp/conftest_0.o -L/home/fmlheureux/local/lib -lboost_thread-mt
  |
scons: Configure: no

scons: Configure: Checking for C++ library boost_thread... 
scons: Configure: ".sconf_temp/conftest_1.cpp" is up to date.
scons: Configure: The original builder output was:
  |.sconf_temp/conftest_1.cpp <-
  |  |
  |  |
  |  |
  |  |int
  |  |main() {
  |  |  
  |  |return 0;
  |  |}
  |  |
  |
g++ -o .sconf_temp/conftest_1.o -c -O3 -pthread -L/home/fmlheureux/local/lib:/home/fmlheureux/local/lib:/home/fmlheureux/local/lib:/home/fmlheureux/local/lib:/home/fmlheureux/local/lib:/home/fmlheureux/local/lib: -I/home/fmlheureux/local/include/ -D_SCONS -DMONGO_EXPOSE_MACROS -Ibuild -Ibuild/mongo .sconf_temp/conftest_1.cpp
scons: Configure: ".sconf_temp/conftest_1" is up to date.
scons: Configure: The original builder output was:
  |g++ -o .sconf_temp/conftest_1 -Wl,--as-needed -Wl,-zdefs -pthread .sconf_temp/conftest_1.o -L/home/fmlheureux/local/lib -lboost_thread
  |
scons: Configure: yes

scons: Configure: Checking for C++ library boost_filesystem-mt... 
scons: Configure: ".sconf_temp/conftest_2.cpp" is up to date.
scons: Configure: The original builder output was:
  |.sconf_temp/conftest_2.cpp <-
  |  |
  |  |
  |  |
  |  |int
  |  |main() {
  |  |  
  |  |return 0;
  |  |}
  |  |
  |
g++ -o .sconf_temp/conftest_2.o -c -O3 -pthread -L/home/fmlheureux/local/lib:/home/fmlheureux/local/lib:/home/fmlheureux/local/lib:/home/fmlheureux/local/lib:/home/fmlheureux/local/lib:/home/fmlheureux/local/lib: -I/home/fmlheureux/local/include/ -D_SCONS -DMONGO_EXPOSE_MACROS -Ibuild -Ibuild/mongo .sconf_temp/conftest_2.cpp
scons: Configure: Building ".sconf_temp/conftest_2" failed in a previous run and all its sources are up to date.
scons: Configure: The original builder output was:
  |g++ -o .sconf_temp/conftest_2 -Wl,--as-needed -Wl,-zdefs -pthread .sconf_temp/conftest_2.o -L/home/fmlheureux/local/lib -lboost_thread -lboost_filesystem-mt
  |
scons: Configure: no

scons: Configure: Checking for C++ library boost_filesystem... 
scons: Configure: ".sconf_temp/conftest_3.cpp" is up to date.
scons: Configure: The original builder output was:
  |.sconf_temp/conftest_3.cpp <-
  |  |
  |  |
  |  |
  |  |int
  |  |main() {
  |  |  
  |  |return 0;
  |  |}
  |  |
  |
g++ -o .sconf_temp/conftest_3.o -c -O3 -pthread -L/home/fmlheureux/local/lib:/home/fmlheureux/local/lib:/home/fmlheureux/local/lib:/home/fmlheureux/local/lib:/home/fmlheureux/local/lib:/home/fmlheureux/local/lib: -I/home/fmlheureux/local/include/ -D_SCONS -DMONGO_EXPOSE_MACROS -Ibuild -Ibuild/mongo .sconf_temp/conftest_3.cpp
scons: Configure: ".sconf_temp/conftest_3" is up to date.
scons: Configure: The original builder output was:
  |g++ -o .sconf_temp/conftest_3 -Wl,--as-needed -Wl,-zdefs -pthread .sconf_temp/conftest_3.o -L/home/fmlheureux/local/lib -lboost_thread -lboost_filesystem
  |
scons: Configure: yes

scons: Configure: Checking for C++ library boost_system-mt... 
scons: Configure: ".sconf_temp/conftest_4.cpp" is up to date.
scons: Configure: The original builder output was:
  |.sconf_temp/conftest_4.cpp <-
  |  |
  |  |
  |  |
  |  |int
  |  |main() {
  |  |  
  |  |return 0;
  |  |}
  |  |
  |
g++ -o .sconf_temp/conftest_4.o -c -O3 -pthread -L/home/fmlheureux/local/lib:/home/fmlheureux/local/lib:/home/fmlheureux/local/lib:/home/fmlheureux/local/lib:/home/fmlheureux/local/lib:/home/fmlheureux/local/lib: -I/home/fmlheureux/local/include/ -D_SCONS -DMONGO_EXPOSE_MACROS -Ibuild -Ibuild/mongo .sconf_temp/conftest_4.cpp
scons: Configure: Building ".sconf_temp/conftest_4" failed in a previous run and all its sources are up to date.
scons: Configure: The original builder output was:
  |g++ -o .sconf_temp/conftest_4 -Wl,--as-needed -Wl,-zdefs -pthread .sconf_temp/conftest_4.o -L/home/fmlheureux/local/lib -lboost_thread -lboost_filesystem -lboost_system-mt
  |
scons: Configure: no

scons: Configure: Checking for C++ library boost_system... 
scons: Configure: ".sconf_temp/conftest_5.cpp" is up to date.
scons: Configure: The original builder output was:
  |.sconf_temp/conftest_5.cpp <-
  |  |
  |  |
  |  |
  |  |int
  |  |main() {
  |  |  
  |  |return 0;
  |  |}
  |  |
  |
g++ -o .sconf_temp/conftest_5.o -c -O3 -pthread -L/home/fmlheureux/local/lib:/home/fmlheureux/local/lib:/home/fmlheureux/local/lib:/home/fmlheureux/local/lib:/home/fmlheureux/local/lib:/home/fmlheureux/local/lib: -I/home/fmlheureux/local/include/ -D_SCONS -DMONGO_EXPOSE_MACROS -Ibuild -Ibuild/mongo .sconf_temp/conftest_5.cpp
scons: Configure: ".sconf_temp/conftest_5" is up to date.
scons: Configure: The original builder output was:
  |g++ -o .sconf_temp/conftest_5 -Wl,--as-needed -Wl,-zdefs -pthread .sconf_temp/conftest_5.o -L/home/fmlheureux/local/lib -lboost_thread -lboost_filesystem -lboost_system
  |
scons: Configure: yes


